[18:46:33]-[INFO]: Checking widgets
[18:46:33]-[DEBUG]: <PyQt5.QtWidgets.QLabel object at 0x000001CF22733430>
[18:46:33]-[DEBUG]: <PyQt5.QtWidgets.QLineEdit object at 0x000001CF22733EE0>
[18:46:33]-[DEBUG]: <PyQt5.QtWidgets.QLineEdit object at 0x000001CF228D21F0>
[18:46:33]-[DEBUG]: <PyQt5.QtWidgets.QCheckBox object at 0x000001CF228D20D0>
[18:46:33]-[DEBUG]: <PyQt5.QtWidgets.QCheckBox object at 0x000001CF228D2160>
[18:46:33]-[DEBUG]: <PyQt5.QtWidgets.QProgressBar object at 0x000001CF228D24C0>
[18:46:33]-[DEBUG]: <PyQt5.QtWidgets.QProgressBar object at 0x000001CF228D23A0>
[18:46:33]-[DEBUG]: <PyQt5.QtWidgets.QListWidget object at 0x000001CF228D2790>
[18:46:33]-[DEBUG]: <PyQt5.QtWidgets.QPlainTextEdit object at 0x000001CF228D28B0>
[18:46:33]-[DEBUG]: <PyQt5.QtWidgets.QPushButton object at 0x000001CF228D2940>
[18:46:33]-[DEBUG]: <PyQt5.QtWidgets.QPushButton object at 0x000001CF228D29D0>
[18:46:33]-[DEBUG]: <PyQt5.QtWidgets.QPushButton object at 0x000001CF22733F70>
[18:46:33]-[DEBUG]: <PyQt5.QtWidgets.QPushButton object at 0x000001CF228D2280>
[18:46:33]-[INFO]: Window sucessfully loaded
[18:46:47]-[INFO]: Modpack path set to: E:/GitHub-Repos/CMPDL/src/examples/All+the+Mods+7-0.2.6.zip
[18:47:05]-[INFO]: Output directory set to: E:/GitHub-Repos/CMPDL/src/Downloads
[18:47:38]-[INFO]: Checking widgets
[18:47:38]-[DEBUG]: <PyQt5.QtWidgets.QLabel object at 0x000001C1401B1430>
[18:47:38]-[DEBUG]: <PyQt5.QtWidgets.QLineEdit object at 0x000001C1401B1EE0>
[18:47:38]-[DEBUG]: <PyQt5.QtWidgets.QLineEdit object at 0x000001C1403511F0>
[18:47:38]-[DEBUG]: <PyQt5.QtWidgets.QCheckBox object at 0x000001C1403510D0>
[18:47:38]-[DEBUG]: <PyQt5.QtWidgets.QCheckBox object at 0x000001C140351160>
[18:47:38]-[DEBUG]: <PyQt5.QtWidgets.QProgressBar object at 0x000001C1403514C0>
[18:47:38]-[DEBUG]: <PyQt5.QtWidgets.QProgressBar object at 0x000001C1403513A0>
[18:47:38]-[DEBUG]: <PyQt5.QtWidgets.QListWidget object at 0x000001C140351790>
[18:47:38]-[DEBUG]: <PyQt5.QtWidgets.QPlainTextEdit object at 0x000001C1403518B0>
[18:47:38]-[DEBUG]: <PyQt5.QtWidgets.QPushButton object at 0x000001C140351940>
[18:47:38]-[DEBUG]: <PyQt5.QtWidgets.QPushButton object at 0x000001C1403519D0>
[18:47:38]-[DEBUG]: <PyQt5.QtWidgets.QPushButton object at 0x000001C1401B1F70>
[18:47:38]-[DEBUG]: <PyQt5.QtWidgets.QPushButton object at 0x000001C140351280>
[18:47:38]-[INFO]: Window sucessfully loaded
[18:47:46]-[INFO]: Modpack path set to: E:/GitHub-Repos/CMPDL/src/examples/All+the+Mods+7-0.2.6.zip
[18:47:55]-[INFO]: Output directory set to: E:/GitHub-Repos/CMPDL/src/Downloads
[18:47:56]-[INFO]: Starting payload
[18:47:56]-[INFO]: Initializing Curse client...
[18:47:56]-[ERROR]: Error: unsupported operand type(s) for -: 'str' and 'float'
[18:51:37]-[INFO]: Checking widgets
[18:51:37]-[DEBUG]: <PyQt5.QtWidgets.QLabel object at 0x000001CF82671430>
[18:51:37]-[DEBUG]: <PyQt5.QtWidgets.QLineEdit object at 0x000001CF82671EE0>
[18:51:37]-[DEBUG]: <PyQt5.QtWidgets.QLineEdit object at 0x000001CF828121F0>
[18:51:37]-[DEBUG]: <PyQt5.QtWidgets.QCheckBox object at 0x000001CF828120D0>
[18:51:37]-[DEBUG]: <PyQt5.QtWidgets.QCheckBox object at 0x000001CF82812160>
[18:51:37]-[DEBUG]: <PyQt5.QtWidgets.QProgressBar object at 0x000001CF828124C0>
[18:51:37]-[DEBUG]: <PyQt5.QtWidgets.QProgressBar object at 0x000001CF828123A0>
[18:51:37]-[DEBUG]: <PyQt5.QtWidgets.QListWidget object at 0x000001CF82812790>
[18:51:37]-[DEBUG]: <PyQt5.QtWidgets.QPlainTextEdit object at 0x000001CF828128B0>
[18:51:37]-[DEBUG]: <PyQt5.QtWidgets.QPushButton object at 0x000001CF82812940>
[18:51:37]-[DEBUG]: <PyQt5.QtWidgets.QPushButton object at 0x000001CF828129D0>
[18:51:37]-[DEBUG]: <PyQt5.QtWidgets.QPushButton object at 0x000001CF82671F70>
[18:51:37]-[DEBUG]: <PyQt5.QtWidgets.QPushButton object at 0x000001CF82812280>
[18:51:37]-[INFO]: Window sucessfully loaded
[18:51:55]-[INFO]: Modpack path set to: E:/GitHub-Repos/CMPDL/src/examples/All+the+Mods+7-0.2.6.zip
[18:52:01]-[INFO]: Output directory set to: E:/GitHub-Repos/CMPDL/src/Downloads
[18:52:02]-[INFO]: Starting payload
[18:52:02]-[INFO]: Initializing Curse client...
[18:52:02]-[ERROR]: Error: unsupported operand type(s) for -: 'str' and 'float'
[18:52:02]-[ERROR]: None
[18:52:02]-[ERROR]: Payload failed
[18:54:43]-[INFO]: Checking widgets
[18:54:43]-[DEBUG]: <PyQt5.QtWidgets.QLabel object at 0x000001F235D01430>
[18:54:43]-[DEBUG]: <PyQt5.QtWidgets.QLineEdit object at 0x000001F235D01EE0>
[18:54:43]-[DEBUG]: <PyQt5.QtWidgets.QLineEdit object at 0x000001F235EA21F0>
[18:54:43]-[DEBUG]: <PyQt5.QtWidgets.QCheckBox object at 0x000001F235EA20D0>
[18:54:43]-[DEBUG]: <PyQt5.QtWidgets.QCheckBox object at 0x000001F235EA2160>
[18:54:43]-[DEBUG]: <PyQt5.QtWidgets.QProgressBar object at 0x000001F235EA24C0>
[18:54:43]-[DEBUG]: <PyQt5.QtWidgets.QProgressBar object at 0x000001F235EA23A0>
[18:54:43]-[DEBUG]: <PyQt5.QtWidgets.QListWidget object at 0x000001F235EA2790>
[18:54:43]-[DEBUG]: <PyQt5.QtWidgets.QPlainTextEdit object at 0x000001F235EA28B0>
[18:54:43]-[DEBUG]: <PyQt5.QtWidgets.QPushButton object at 0x000001F235EA2940>
[18:54:43]-[DEBUG]: <PyQt5.QtWidgets.QPushButton object at 0x000001F235EA29D0>
[18:54:43]-[DEBUG]: <PyQt5.QtWidgets.QPushButton object at 0x000001F235D01F70>
[18:54:43]-[DEBUG]: <PyQt5.QtWidgets.QPushButton object at 0x000001F235EA2280>
[18:54:43]-[INFO]: Window sucessfully loaded
[18:54:57]-[INFO]: Modpack path set to: E:/GitHub-Repos/CMPDL/src/examples/All+the+Mods+7-0.2.6.zip
[18:55:02]-[INFO]: Output directory set to: E:/GitHub-Repos/CMPDL/src/Downloads
[18:55:03]-[INFO]: Starting payload
[18:55:03]-[INFO]: Initializing Curse client...
[18:55:03]-[INFO]: Successfully initialized Curse client in 0.00012879999999881875 seconds
[18:55:03]-[INFO]: Initializing ModPack...
[18:55:03]-[INFO]: Extracting modpack to C:\Users\advik\AppData\Local\Temp\CMPDLlwcs21xi
[18:55:03]-[INFO]: Successfully extracted modpack
[18:55:03]-[ERROR]: Error: 'charmap' codec can't encode character '\u2502' in position 94: character maps to <undefined>
[18:55:03]-[ERROR]: None
[18:55:03]-[ERROR]: Payload failed
[18:57:05]-[INFO]: Starting payload
[18:57:05]-[INFO]: Initializing Curse client...
[18:57:05]-[INFO]: Successfully initialized Curse client in 0.00015830000000960354 seconds
[18:57:05]-[INFO]: Initializing ModPack...
[18:57:05]-[INFO]: Extracting modpack to C:\Users\advik\AppData\Local\Temp\CMPDLnu0kb41d
[18:57:05]-[INFO]: Successfully extracted modpack
[18:57:05]-[ERROR]: Error: 'charmap' codec can't encode character '\u2502' in position 94: character maps to <undefined>
[18:57:05]-[ERROR]: None
[18:57:05]-[ERROR]: Payload failed
[18:57:06]-[INFO]: Starting payload
[18:57:06]-[INFO]: Initializing Curse client...
[18:57:06]-[INFO]: Successfully initialized Curse client in 0.00012680000000386826 seconds
[18:57:06]-[INFO]: Initializing ModPack...
[18:57:06]-[INFO]: Extracting modpack to C:\Users\advik\AppData\Local\Temp\CMPDL0f05gxoj
[18:57:06]-[INFO]: Successfully extracted modpack
[18:57:06]-[ERROR]: Error: 'charmap' codec can't encode character '\u2502' in position 94: character maps to <undefined>
[18:57:06]-[ERROR]: None
[18:57:06]-[ERROR]: Payload failed
[18:57:07]-[INFO]: Starting payload
[18:57:07]-[INFO]: Initializing Curse client...
[18:57:07]-[INFO]: Successfully initialized Curse client in 0.00010240000000294458 seconds
[18:57:07]-[INFO]: Initializing ModPack...
[18:57:07]-[INFO]: Extracting modpack to C:\Users\advik\AppData\Local\Temp\CMPDLipnazpzs
[18:57:07]-[INFO]: Successfully extracted modpack
[18:57:07]-[ERROR]: Error: 'charmap' codec can't encode character '\u2502' in position 94: character maps to <undefined>
[18:57:07]-[ERROR]: None
[18:57:07]-[ERROR]: Payload failed
[18:57:07]-[INFO]: Starting payload
[18:57:07]-[INFO]: Initializing Curse client...
[18:57:07]-[INFO]: Successfully initialized Curse client in 0.00010699999998564635 seconds
[18:57:07]-[INFO]: Initializing ModPack...
[18:57:07]-[INFO]: Extracting modpack to C:\Users\advik\AppData\Local\Temp\CMPDLq8c8xd9u
[18:57:07]-[INFO]: Successfully extracted modpack
[18:57:07]-[ERROR]: Error: 'charmap' codec can't encode character '\u2502' in position 94: character maps to <undefined>
[18:57:07]-[ERROR]: None
[18:57:07]-[ERROR]: Payload failed
[18:57:07]-[INFO]: Starting payload
[18:57:07]-[INFO]: Initializing Curse client...
[18:57:07]-[INFO]: Successfully initialized Curse client in 9.489999999345855e-05 seconds
[18:57:07]-[INFO]: Initializing ModPack...
[18:57:07]-[INFO]: Extracting modpack to C:\Users\advik\AppData\Local\Temp\CMPDLtkvas_r0
[18:57:07]-[INFO]: Successfully extracted modpack
[18:57:07]-[ERROR]: Error: 'charmap' codec can't encode character '\u2502' in position 94: character maps to <undefined>
[18:57:07]-[ERROR]: None
[18:57:07]-[ERROR]: Payload failed
[18:57:08]-[INFO]: Starting payload
[18:57:08]-[INFO]: Initializing Curse client...
[18:57:08]-[INFO]: Successfully initialized Curse client in 0.0001060999999822343 seconds
[18:57:08]-[INFO]: Initializing ModPack...
[18:57:08]-[INFO]: Extracting modpack to C:\Users\advik\AppData\Local\Temp\CMPDL3q2p96go
[18:57:08]-[INFO]: Successfully extracted modpack
[18:57:08]-[ERROR]: Error: 'charmap' codec can't encode character '\u2502' in position 94: character maps to <undefined>
[18:57:08]-[ERROR]: None
[18:57:08]-[ERROR]: Payload failed
[18:57:08]-[INFO]: Starting payload
[18:57:08]-[INFO]: Initializing Curse client...
[18:57:08]-[INFO]: Successfully initialized Curse client in 0.00012240000000929285 seconds
[18:57:08]-[INFO]: Initializing ModPack...
[18:57:08]-[INFO]: Extracting modpack to C:\Users\advik\AppData\Local\Temp\CMPDL82gm2fjb
[18:57:08]-[INFO]: Successfully extracted modpack
[18:57:08]-[ERROR]: Error: 'charmap' codec can't encode character '\u2502' in position 94: character maps to <undefined>
[18:57:08]-[ERROR]: None
[18:57:08]-[ERROR]: Payload failed
[18:57:08]-[INFO]: Starting payload
[18:57:08]-[INFO]: Initializing Curse client...
[18:57:08]-[INFO]: Successfully initialized Curse client in 0.00016379999999571737 seconds
[18:57:08]-[INFO]: Initializing ModPack...
[18:57:08]-[INFO]: Extracting modpack to C:\Users\advik\AppData\Local\Temp\CMPDLh69_29mz
[18:57:08]-[INFO]: Successfully extracted modpack
[18:57:08]-[ERROR]: Error: 'charmap' codec can't encode character '\u2502' in position 94: character maps to <undefined>
[18:57:08]-[ERROR]: None
[18:57:08]-[ERROR]: Payload failed
[18:57:08]-[INFO]: Starting payload
[18:57:08]-[INFO]: Initializing Curse client...
[18:57:08]-[INFO]: Successfully initialized Curse client in 0.00011639999999601969 seconds
[18:57:08]-[INFO]: Initializing ModPack...
[18:57:08]-[INFO]: Extracting modpack to C:\Users\advik\AppData\Local\Temp\CMPDL87906u_u
[18:57:08]-[INFO]: Successfully extracted modpack
[18:57:08]-[ERROR]: Error: 'charmap' codec can't encode character '\u2502' in position 94: character maps to <undefined>
[18:57:08]-[ERROR]: None
[18:57:08]-[ERROR]: Payload failed
[18:57:08]-[INFO]: Starting payload
[18:57:08]-[INFO]: Initializing Curse client...
[18:57:08]-[INFO]: Successfully initialized Curse client in 0.0001042000000097687 seconds
[18:57:08]-[INFO]: Initializing ModPack...
[18:57:08]-[INFO]: Extracting modpack to C:\Users\advik\AppData\Local\Temp\CMPDLuyr3saq6
[18:57:08]-[INFO]: Successfully extracted modpack
[18:57:08]-[ERROR]: Error: 'charmap' codec can't encode character '\u2502' in position 94: character maps to <undefined>
[18:57:08]-[ERROR]: None
[18:57:08]-[ERROR]: Payload failed
[18:57:08]-[INFO]: Starting payload
[18:57:08]-[INFO]: Initializing Curse client...
[18:57:08]-[INFO]: Successfully initialized Curse client in 0.00010439999999789507 seconds
[18:57:08]-[INFO]: Initializing ModPack...
[18:57:08]-[INFO]: Extracting modpack to C:\Users\advik\AppData\Local\Temp\CMPDL9ds0vi4y
[18:57:08]-[INFO]: Successfully extracted modpack
[18:57:08]-[ERROR]: Error: 'charmap' codec can't encode character '\u2502' in position 94: character maps to <undefined>
[18:57:08]-[ERROR]: None
[18:57:08]-[ERROR]: Payload failed
[18:57:09]-[INFO]: Starting payload
[18:57:09]-[INFO]: Initializing Curse client...
[18:57:09]-[INFO]: Successfully initialized Curse client in 9.900000000584441e-05 seconds
[18:57:09]-[INFO]: Initializing ModPack...
[18:57:09]-[INFO]: Extracting modpack to C:\Users\advik\AppData\Local\Temp\CMPDLq23x8ul_
[18:57:09]-[INFO]: Successfully extracted modpack
[18:57:09]-[ERROR]: Error: 'charmap' codec can't encode character '\u2502' in position 94: character maps to <undefined>
[18:57:09]-[ERROR]: None
[18:57:09]-[ERROR]: Payload failed
[18:57:09]-[INFO]: Starting payload
[18:57:09]-[INFO]: Initializing Curse client...
[18:57:09]-[INFO]: Successfully initialized Curse client in 0.00012439999997582163 seconds
[18:57:09]-[INFO]: Initializing ModPack...
[18:57:09]-[INFO]: Extracting modpack to C:\Users\advik\AppData\Local\Temp\CMPDLyjk05q67
[18:57:09]-[INFO]: Successfully extracted modpack
[18:57:09]-[ERROR]: Error: 'charmap' codec can't encode character '\u2502' in position 94: character maps to <undefined>
[18:57:09]-[ERROR]: None
[18:57:09]-[ERROR]: Payload failed
[18:59:33]-[INFO]: Checking widgets
[18:59:33]-[DEBUG]: <PyQt5.QtWidgets.QLabel object at 0x000001E9C2A22430>
[18:59:33]-[DEBUG]: <PyQt5.QtWidgets.QLineEdit object at 0x000001E9C2A22EE0>
[18:59:33]-[DEBUG]: <PyQt5.QtWidgets.QLineEdit object at 0x000001E9C2BC31F0>
[18:59:33]-[DEBUG]: <PyQt5.QtWidgets.QCheckBox object at 0x000001E9C2BC30D0>
[18:59:33]-[DEBUG]: <PyQt5.QtWidgets.QCheckBox object at 0x000001E9C2BC3160>
[18:59:33]-[DEBUG]: <PyQt5.QtWidgets.QProgressBar object at 0x000001E9C2BC34C0>
[18:59:33]-[DEBUG]: <PyQt5.QtWidgets.QProgressBar object at 0x000001E9C2BC33A0>
[18:59:33]-[DEBUG]: <PyQt5.QtWidgets.QListWidget object at 0x000001E9C2BC3790>
[18:59:33]-[DEBUG]: <PyQt5.QtWidgets.QPlainTextEdit object at 0x000001E9C2BC38B0>
[18:59:33]-[DEBUG]: <PyQt5.QtWidgets.QPushButton object at 0x000001E9C2BC3940>
[18:59:33]-[DEBUG]: <PyQt5.QtWidgets.QPushButton object at 0x000001E9C2BC39D0>
[18:59:33]-[DEBUG]: <PyQt5.QtWidgets.QPushButton object at 0x000001E9C2A22F70>
[18:59:33]-[DEBUG]: <PyQt5.QtWidgets.QPushButton object at 0x000001E9C2BC3280>
[18:59:33]-[INFO]: Window sucessfully loaded
[18:59:39]-[INFO]: Modpack path set to: E:/GitHub-Repos/CMPDL/src/examples/All+the+Mods+7-0.2.6.zip
[18:59:43]-[INFO]: Output directory set to: E:/GitHub-Repos/CMPDL/src/Downloads
[18:59:45]-[INFO]: Starting payload
[18:59:45]-[INFO]: Initializing Curse client...
[18:59:45]-[INFO]: Successfully initialized Curse client in 0.00013590000000007763 seconds
[18:59:45]-[INFO]: Initializing ModPack...
[18:59:45]-[INFO]: Extracting modpack to C:\Users\advik\AppData\Local\Temp\CMPDLjz2spzp5
[18:59:45]-[INFO]: Successfully extracted modpack
[18:59:45]-[ERROR]: Error: 'charmap' codec can't encode character '\u2502' in position 94: character maps to <undefined>
[18:59:45]-[ERROR]: Payload failed
[19:02:23]-[INFO]: Checking widgets
[19:02:23]-[ERROR]: Log box not found
[19:02:23]-[DEBUG]: <PyQt5.QtWidgets.QLabel object at 0x000001B8146B2430>
[19:02:23]-[ERROR]: Log box not found
[19:02:23]-[DEBUG]: <PyQt5.QtWidgets.QLineEdit object at 0x000001B8146B2EE0>
[19:02:23]-[ERROR]: Log box not found
[19:02:23]-[DEBUG]: <PyQt5.QtWidgets.QLineEdit object at 0x000001B8148521F0>
[19:02:23]-[ERROR]: Log box not found
[19:02:23]-[DEBUG]: <PyQt5.QtWidgets.QCheckBox object at 0x000001B8148520D0>
[19:02:23]-[ERROR]: Log box not found
[19:02:23]-[DEBUG]: <PyQt5.QtWidgets.QCheckBox object at 0x000001B814852160>
[19:02:23]-[ERROR]: Log box not found
[19:02:23]-[DEBUG]: <PyQt5.QtWidgets.QProgressBar object at 0x000001B8148524C0>
[19:02:23]-[ERROR]: Log box not found
[19:02:23]-[DEBUG]: <PyQt5.QtWidgets.QProgressBar object at 0x000001B8148523A0>
[19:02:23]-[ERROR]: Log box not found
[19:02:23]-[DEBUG]: <PyQt5.QtWidgets.QListWidget object at 0x000001B814852790>
[19:02:23]-[ERROR]: Log box not found
[19:02:23]-[DEBUG]: None
[19:02:23]-[ERROR]: Log box not found
[19:02:23]-[ERROR]: Widget not found: Widget not found
[19:02:23]-[ERROR]: Log box not found
[19:03:40]-[INFO]: Checking widgets
[19:03:40]-[ERROR]: Log box not found
[19:03:40]-[DEBUG]: <PyQt5.QtWidgets.QLabel object at 0x0000019DD23A2430>
[19:03:40]-[ERROR]: Log box not found
[19:03:40]-[DEBUG]: <PyQt5.QtWidgets.QLineEdit object at 0x0000019DD23A2EE0>
[19:03:40]-[ERROR]: Log box not found
[19:03:40]-[DEBUG]: <PyQt5.QtWidgets.QLineEdit object at 0x0000019DD25411F0>
[19:03:40]-[ERROR]: Log box not found
[19:03:40]-[DEBUG]: <PyQt5.QtWidgets.QCheckBox object at 0x0000019DD25410D0>
[19:03:40]-[ERROR]: Log box not found
[19:03:40]-[DEBUG]: <PyQt5.QtWidgets.QCheckBox object at 0x0000019DD2541160>
[19:03:40]-[ERROR]: Log box not found
[19:03:40]-[DEBUG]: <PyQt5.QtWidgets.QProgressBar object at 0x0000019DD25414C0>
[19:03:40]-[ERROR]: Log box not found
[19:03:40]-[DEBUG]: <PyQt5.QtWidgets.QProgressBar object at 0x0000019DD25413A0>
[19:03:40]-[ERROR]: Log box not found
[19:03:40]-[DEBUG]: <PyQt5.QtWidgets.QListWidget object at 0x0000019DD2541790>
[19:03:40]-[ERROR]: Log box not found
[19:03:40]-[DEBUG]: <PyQt5.QtWidgets.QTextEdit object at 0x0000019DD25418B0>
[19:03:40]-[ERROR]: Log box not found
[19:03:40]-[DEBUG]: <PyQt5.QtWidgets.QPushButton object at 0x0000019DD2541940>
[19:03:40]-[ERROR]: Log box not found
[19:03:40]-[DEBUG]: <PyQt5.QtWidgets.QPushButton object at 0x0000019DD25419D0>
[19:03:40]-[ERROR]: Log box not found
[19:03:40]-[DEBUG]: <PyQt5.QtWidgets.QPushButton object at 0x0000019DD23A2F70>
[19:03:40]-[ERROR]: Log box not found
[19:03:40]-[DEBUG]: <PyQt5.QtWidgets.QPushButton object at 0x0000019DD2541280>
[19:03:40]-[ERROR]: Log box not found
[19:03:40]-[INFO]: Window sucessfully loaded
[19:03:40]-[ERROR]: Log box not found
[19:04:33]-[INFO]: Checking widgets
[19:04:33]-[ERROR]: Log box not found
[19:04:33]-[DEBUG]: <PyQt5.QtWidgets.QLabel object at 0x000001AAEE562430>
[19:04:33]-[ERROR]: Log box not found
[19:04:33]-[DEBUG]: <PyQt5.QtWidgets.QLineEdit object at 0x000001AAEE562EE0>
[19:04:33]-[ERROR]: Log box not found
[19:04:33]-[DEBUG]: <PyQt5.QtWidgets.QLineEdit object at 0x000001AAEE7011F0>
[19:04:33]-[ERROR]: Log box not found
[19:04:33]-[DEBUG]: <PyQt5.QtWidgets.QCheckBox object at 0x000001AAEE7010D0>
[19:04:33]-[ERROR]: Log box not found
[19:04:33]-[DEBUG]: <PyQt5.QtWidgets.QCheckBox object at 0x000001AAEE701160>
[19:04:33]-[ERROR]: Log box not found
[19:04:33]-[DEBUG]: <PyQt5.QtWidgets.QProgressBar object at 0x000001AAEE7014C0>
[19:04:33]-[ERROR]: Log box not found
[19:04:33]-[DEBUG]: <PyQt5.QtWidgets.QProgressBar object at 0x000001AAEE7013A0>
[19:04:33]-[ERROR]: Log box not found
[19:04:33]-[DEBUG]: <PyQt5.QtWidgets.QListWidget object at 0x000001AAEE701790>
[19:04:33]-[ERROR]: Log box not found
[19:04:33]-[DEBUG]: <PyQt5.QtWidgets.QTextEdit object at 0x000001AAEE7018B0>
[19:04:33]-[ERROR]: Log box not found
[19:04:33]-[DEBUG]: <PyQt5.QtWidgets.QPushButton object at 0x000001AAEE701940>
[19:04:33]-[ERROR]: Log box not found
[19:04:33]-[DEBUG]: <PyQt5.QtWidgets.QPushButton object at 0x000001AAEE7019D0>
[19:04:33]-[ERROR]: Log box not found
[19:04:33]-[DEBUG]: <PyQt5.QtWidgets.QPushButton object at 0x000001AAEE562F70>
[19:04:33]-[ERROR]: Log box not found
[19:04:33]-[DEBUG]: <PyQt5.QtWidgets.QPushButton object at 0x000001AAEE701280>
[19:04:33]-[ERROR]: Log box not found
[19:04:33]-[INFO]: Window sucessfully loaded
[19:04:33]-[ERROR]: Log box not found
[19:07:43]-[INFO]: Checking widgets
[19:08:01]-[INFO]: Checking widgets
[19:08:01]-[DEBUG]: <PyQt5.QtWidgets.QLabel object at 0x0000020A87472430>
[19:08:01]-[DEBUG]: <PyQt5.QtWidgets.QLineEdit object at 0x0000020A87472EE0>
[19:08:01]-[DEBUG]: <PyQt5.QtWidgets.QLineEdit object at 0x0000020A876121F0>
[19:08:01]-[DEBUG]: <PyQt5.QtWidgets.QCheckBox object at 0x0000020A876120D0>
[19:08:01]-[DEBUG]: <PyQt5.QtWidgets.QCheckBox object at 0x0000020A87612160>
[19:08:01]-[DEBUG]: <PyQt5.QtWidgets.QProgressBar object at 0x0000020A876124C0>
[19:08:01]-[DEBUG]: <PyQt5.QtWidgets.QProgressBar object at 0x0000020A876123A0>
[19:08:01]-[DEBUG]: <PyQt5.QtWidgets.QListWidget object at 0x0000020A87612790>
[19:08:01]-[DEBUG]: <PyQt5.QtWidgets.QTextEdit object at 0x0000020A876128B0>
[19:08:01]-[DEBUG]: <PyQt5.QtWidgets.QPushButton object at 0x0000020A87612940>
[19:08:01]-[DEBUG]: <PyQt5.QtWidgets.QPushButton object at 0x0000020A876129D0>
[19:08:01]-[DEBUG]: <PyQt5.QtWidgets.QPushButton object at 0x0000020A87472F70>
[19:08:01]-[DEBUG]: <PyQt5.QtWidgets.QPushButton object at 0x0000020A87612280>
[19:08:02]-[INFO]: Window sucessfully loaded
[19:08:09]-[INFO]: Starting payload
[19:08:09]-[INFO]: Initializing Curse client...
[19:08:09]-[INFO]: Successfully initialized Curse client in 0.00013150000000017315 seconds
[19:08:09]-[INFO]: Initializing ModPack...
[19:08:09]-[ERROR]: Error: 'ModPack' object has no attribute 'manifest_path'
[19:08:09]-[ERROR]: Payload failed
[19:08:27]-[INFO]: Checking widgets
[19:08:27]-[DEBUG]: <PyQt5.QtWidgets.QLabel object at 0x00000197434E2430>
[19:08:27]-[DEBUG]: <PyQt5.QtWidgets.QLineEdit object at 0x00000197434E2EE0>
[19:08:27]-[DEBUG]: <PyQt5.QtWidgets.QLineEdit object at 0x00000197436821F0>
[19:08:27]-[DEBUG]: <PyQt5.QtWidgets.QCheckBox object at 0x00000197436820D0>
[19:08:27]-[DEBUG]: <PyQt5.QtWidgets.QCheckBox object at 0x0000019743682160>
[19:08:27]-[DEBUG]: <PyQt5.QtWidgets.QProgressBar object at 0x00000197436824C0>
[19:08:27]-[DEBUG]: <PyQt5.QtWidgets.QProgressBar object at 0x00000197436823A0>
[19:08:27]-[DEBUG]: <PyQt5.QtWidgets.QListWidget object at 0x0000019743682790>
[19:08:27]-[DEBUG]: <PyQt5.QtWidgets.QTextEdit object at 0x00000197436828B0>
[19:08:27]-[DEBUG]: <PyQt5.QtWidgets.QPushButton object at 0x0000019743682940>
[19:08:27]-[DEBUG]: <PyQt5.QtWidgets.QPushButton object at 0x00000197436829D0>
[19:08:27]-[DEBUG]: <PyQt5.QtWidgets.QPushButton object at 0x00000197434E2F70>
[19:08:27]-[DEBUG]: <PyQt5.QtWidgets.QPushButton object at 0x0000019743682280>
[19:08:27]-[INFO]: Window sucessfully loaded
[19:08:30]-[INFO]: Starting payload
[19:08:30]-[INFO]: Initializing Curse client...
[19:08:30]-[INFO]: Successfully initialized Curse client in 0.00012079999999992097 seconds
[19:08:30]-[INFO]: Initializing ModPack...
[19:08:30]-[ERROR]: Error: 'ModPack' object has no attribute 'manifest_path'
[19:08:30]-[ERROR]: Payload failed
[19:08:53]-[INFO]: Modpack path set to: E:/GitHub-Repos/CMPDL/src/examples/All+the+Mods+7-0.2.6.zip
[19:08:57]-[INFO]: Output directory set to: E:/GitHub-Repos/CMPDL/src/Downloads
[19:08:58]-[INFO]: Starting payload
[19:08:58]-[INFO]: Initializing Curse client...
[19:08:58]-[INFO]: Successfully initialized Curse client in 0.00011669999999952552 seconds
[19:08:58]-[INFO]: Initializing ModPack...
[19:08:58]-[INFO]: Extracting modpack to C:\Users\advik\AppData\Local\Temp\CMPDL_ka9f6ik
[19:08:58]-[INFO]: Successfully extracted modpack
[19:08:58]-[ERROR]: Error: 'charmap' codec can't encode character '\u2502' in position 94: character maps to <undefined>
[19:08:58]-[ERROR]: Payload failed
[19:10:16]-[INFO]: Checking widgets
[19:10:16]-[DEBUG]: <PyQt5.QtWidgets.QLabel object at 0x000001E0B54E2430>
[19:10:16]-[DEBUG]: <PyQt5.QtWidgets.QLineEdit object at 0x000001E0B54E2EE0>
[19:10:16]-[DEBUG]: <PyQt5.QtWidgets.QLineEdit object at 0x000001E0B56821F0>
[19:10:16]-[DEBUG]: <PyQt5.QtWidgets.QCheckBox object at 0x000001E0B56820D0>
[19:10:16]-[DEBUG]: <PyQt5.QtWidgets.QCheckBox object at 0x000001E0B5682160>
[19:10:16]-[DEBUG]: <PyQt5.QtWidgets.QProgressBar object at 0x000001E0B56824C0>
[19:10:16]-[DEBUG]: <PyQt5.QtWidgets.QProgressBar object at 0x000001E0B56823A0>
[19:10:16]-[DEBUG]: <PyQt5.QtWidgets.QListWidget object at 0x000001E0B5682790>
[19:10:16]-[DEBUG]: <PyQt5.QtWidgets.QTextEdit object at 0x000001E0B56828B0>
[19:10:16]-[DEBUG]: <PyQt5.QtWidgets.QPushButton object at 0x000001E0B5682940>
[19:10:16]-[DEBUG]: <PyQt5.QtWidgets.QPushButton object at 0x000001E0B56829D0>
[19:10:16]-[DEBUG]: <PyQt5.QtWidgets.QPushButton object at 0x000001E0B54E2F70>
[19:10:16]-[DEBUG]: <PyQt5.QtWidgets.QPushButton object at 0x000001E0B5682280>
[19:10:16]-[INFO]: Window sucessfully loaded
[19:10:24]-[INFO]: Modpack path set to: E:/GitHub-Repos/CMPDL/src/examples/All+the+Mods+7-0.2.6.zip
[19:10:34]-[INFO]: Output directory set to: E:/GitHub-Repos/CMPDL/src/Downloads
[19:10:35]-[INFO]: Starting payload
[19:10:35]-[INFO]: Initializing Curse client...
[19:10:35]-[INFO]: Successfully initialized Curse client in 0.00012080000000125324 seconds
[19:10:35]-[INFO]: Initializing ModPack...
[19:10:35]-[INFO]: Extracting modpack to C:\Users\advik\AppData\Local\Temp\CMPDL3pf49dcd
[19:10:35]-[INFO]: Successfully extracted modpack
[19:10:35]-[INFO]: ModPack file structure:
C:\Users\advik\AppData\Local\Temp\CMPDL3pf49dcd\

 overrides\
    config\
       Advancedperipherals\
          general.toml
          metaphysics.toml
          peripherals.toml
          world.toml
      
       defaultoptions\
          keybindings.txt
          options.txt
      
       alexsmobs.toml
       biggerreactors-common.toml
       craftingtweaks-common.toml
       create-client.toml
       fml.toml
       ironfurnaces.toml
       mysticalagriculture-common.toml
       packmenu.cfg
       silentgear-common.toml
       supplementaries-client.toml
       supplementaries-common.toml
       supplementaries-registry.toml
   
    defaultconfigs\
       forge-server.toml
   
    packmenu\
      resources\
        assets\
           atm\
              buttons\
                 akliz.json
                 discord.json
                 github.json
                 mods.json
                 multiplayer.json
                 options.json
                 patreon.json
                 quit.json
                 reddit.json
                 singleplayer.json
             
              lang\
                 en_us.json
             
              textures\
                akliz.png
                background.png
                discord.png
                github.png
                logo.png
                mods.png
                multiplayer.png
                patreon.png
                quit.png
                reddit.png
                settings.png
                singleplayer.png
          
          
           minecraft\
              textures\
                gui\
                  accessibility.png
          
          
          
           packmenu\
             lang\
                en_us.json
            
             textures\
               gui\
                 background.png
                 logo.png
                 reload.png
                 widgets.png
       
       
       
       
        pack.mcmeta
        pack.png



 manifest.json
 modlist.html

[19:10:36]-[INFO]: Manifest path set to C:\Users\advik\AppData\Local\Temp\CMPDL3pf49dcd\manifest.json
[19:10:36]-[INFO]: Loading manifest...
[19:10:36]-[INFO]: Minecraft version: 1.18.1
[19:10:36]-[INFO]: Modpack version: 0.2.6
[19:10:36]-[INFO]: Modpack name: All the Mods 7
[19:10:36]-[INFO]: Modpack author(s): ATMTeam
[19:10:36]-[INFO]: Modpack description: None
[19:10:36]-[INFO]: Modpack website: None
[19:10:36]-[INFO]: Modpack modloader: forge-39.0.5
[19:10:36]-[INFO]: Modpack config/overrides: overrides
[19:10:36]-[INFO]: Successfully loaded manifest
[19:10:36]-[ERROR]: Error: log() missing 1 required positional argument: 'type_'
[19:10:36]-[ERROR]: Payload failed
